<?xml version="1.0" encoding="UTF-8"?>
<!-- Generated by org.testng.reporters.JUnitReportReporter -->
<testsuite hostname="Rupali" failures="0" tests="1" name="com.testcases.ForgetPasswordTest" time="10.929" errors="0" timestamp="24 Dec 2022 18:02:25 GMT">
  <testcase classname="com.testcases.ForgetPasswordTest" name="validateForgetPassword" time="10.929"/>
</testsuite> <!-- com.testcases.ForgetPasswordTest -->
