<?xml version="1.0" encoding="UTF-8"?>
<!-- Generated by org.testng.reporters.JUnitReportReporter -->
<testsuite hostname="Rupali" failures="0" tests="1" name="com.testcases.LoginPageTest" time="22.223" errors="0" timestamp="24 Dec 2022 11:24:26 GMT">
  <testcase classname="com.testcases.LoginPageTest" name="ValidateLogin" time="22.223"/>
</testsuite> <!-- com.testcases.LoginPageTest -->
