<?xml version="1.0" encoding="UTF-8"?>
<!-- Generated by org.testng.reporters.JUnitReportReporter -->
<testsuite hostname="Rupali" failures="0" tests="1" name="com.testcases.AddVaccancyTest" time="39.958" errors="0" timestamp="24 Dec 2022 19:24:14 GMT">
  <testcase classname="com.testcases.AddVaccancyTest" name="ValidateLogin" time="39.958"/>
</testsuite> <!-- com.testcases.AddVaccancyTest -->
