<?xml version="1.0" encoding="UTF-8"?>
<!-- Generated by org.testng.reporters.JUnitReportReporter -->
<testsuite hostname="Rupali" failures="0" tests="1" name="com.Scenario3.EmergencyContact" time="14.696" errors="0" timestamp="23 Dec 2022 06:16:55 GMT">
  <testcase classname="com.Scenario3.EmergencyContact" name="add" time="14.696"/>
</testsuite> <!-- com.Scenario3.EmergencyContact -->
