<?xml version="1.0" encoding="UTF-8"?>
<!-- Generated by org.testng.reporters.JUnitReportReporter -->
<testsuite hostname="Rupali" failures="0" tests="1" name="com.Scenario4.ForgetPassword" time="7.423" errors="0" timestamp="24 Dec 2022 04:26:44 GMT">
  <testcase classname="com.Scenario4.ForgetPassword" name="resetPassword" time="7.423"/>
</testsuite> <!-- com.Scenario4.ForgetPassword -->
