<?xml version="1.0" encoding="UTF-8"?>
<!-- Generated by org.testng.reporters.JUnitReportReporter -->
<testsuite hostname="Rupali" failures="0" tests="1" name="com.Scenario5.RecruitmentAdd" time="28.344" errors="0" timestamp="23 Dec 2022 09:43:31 GMT">
  <testcase classname="com.Scenario5.RecruitmentAdd" name="addData" time="28.344"/>
</testsuite> <!-- com.Scenario5.RecruitmentAdd -->
