<?xml version="1.0" encoding="UTF-8"?>
<!-- Generated by org.testng.reporters.JUnitReportReporter -->
<testsuite hostname="Rupali" failures="0" tests="1" name="com.Scenario1.LoginPage" time="4.180" errors="0" timestamp="22 Dec 2022 13:14:14 GMT">
  <testcase classname="com.Scenario1.LoginPage" name="loginData" time="4.180"/>
</testsuite> <!-- com.Scenario1.LoginPage -->
