<?xml version="1.0" encoding="UTF-8"?>
<!-- Generated by org.testng.reporters.JUnitReportReporter -->
<testsuite hostname="Rupali" failures="0" tests="1" name="com.testcases.AddVaccancyTest" time="33.556" errors="0" timestamp="28 Dec 2022 09:15:10 GMT">
  <testcase classname="com.testcases.AddVaccancyTest" name="validateAddVaccancy" time="33.556"/>
</testsuite> <!-- com.testcases.AddVaccancyTest -->
