<?xml version="1.0" encoding="UTF-8"?>
<!-- Generated by org.testng.reporters.JUnitReportReporter -->
<testsuite hostname="Rupali" failures="0" tests="1" name="com.Scenario2.AddUser" time="33.902" errors="0" timestamp="24 Dec 2022 04:25:31 GMT">
  <testcase classname="com.Scenario2.AddUser" name="add" time="33.902"/>
</testsuite> <!-- com.Scenario2.AddUser -->
