<?xml version="1.0" encoding="UTF-8"?>
<!-- Generated by org.testng.reporters.JUnitReportReporter -->
<testsuite hostname="Rupali" failures="0" tests="1" name="com.Pages.LoginPage" time="4.347" errors="0" timestamp="19 Dec 2022 06:28:22 GMT">
  <testcase classname="com.Pages.LoginPage" name="loginData" time="4.347"/>
</testsuite> <!-- com.Pages.LoginPage -->
