<?xml version="1.0" encoding="UTF-8"?>
<!-- Generated by org.testng.reporters.JUnitReportReporter -->
<testsuite hostname="Rupali" failures="0" tests="1" name="com.Scenario6.AddVaccancy" time="16.177" errors="0" timestamp="23 Dec 2022 09:44:54 GMT">
  <testcase classname="com.Scenario6.AddVaccancy" name="add" time="16.177"/>
</testsuite> <!-- com.Scenario6.AddVaccancy -->
