<?xml version="1.0" encoding="UTF-8"?>
<!-- Generated by org.testng.reporters.JUnitReportReporter -->
<testsuite hostname="Rupali" failures="0" tests="1" name="com.Scenario3.MyInfo" time="14.610" errors="0" timestamp="21 Dec 2022 06:44:56 GMT">
  <testcase classname="com.Scenario3.MyInfo" name="add" time="14.610"/>
</testsuite> <!-- com.Scenario3.MyInfo -->
