<?xml version="1.0" encoding="UTF-8"?>
<!-- Generated by org.testng.reporters.JUnitReportReporter -->
<testsuite hostname="Rupali" failures="0" tests="1" name="com.Scenario3.PersonalDetails" time="13.779" errors="0" timestamp="23 Dec 2022 09:59:46 GMT">
  <testcase classname="com.Scenario3.PersonalDetails" name="add" time="13.779"/>
</testsuite> <!-- com.Scenario3.PersonalDetails -->
