<?xml version="1.0" encoding="UTF-8"?>
<!-- Generated by org.testng.reporters.JUnitReportReporter -->
<testsuite hostname="Rupali" failures="0" tests="1" name="com.testcases.AddEmpTest" time="57.752" errors="0" timestamp="24 Dec 2022 12:20:33 GMT">
  <testcase classname="com.testcases.AddEmpTest" name="Validation" time="57.752"/>
</testsuite> <!-- com.testcases.AddEmpTest -->
